<?xml version="1.0" encoding="UTF-8"?>
<!-- Generated by org.testng.reporters.JUnitReportReporter -->
<testsuite hostname="MANIKANDAN-PC" failures="0" tests="1" name="pkg5.TC2" time="10.053" errors="0" timestamp="2025-09-20T15:24:04 IST" skipped="0">
  <testcase classname="pkg5.TC2" name="test2" time="10.053"/>
</testsuite> <!-- pkg5.TC2 -->
