<?xml version="1.0" encoding="UTF-8"?>
<!-- Generated by org.testng.reporters.JUnitReportReporter -->
<testsuite hostname="LAPTOP-KGNTAJK9" failures="0" tests="1" name="testNg.Calculator" time="0.009" errors="0" timestamp="2025-05-26T17:16:22 IST" skipped="0">
  <testcase classname="testNg.Calculator" name="calc" time="0.009"/>
</testsuite> <!-- testNg.Calculator -->
