<?xml version="1.0" encoding="UTF-8"?>
<!-- Generated by org.testng.reporters.JUnitReportReporter -->
<testsuite hostname="MANIKANDAN-PC" failures="0" tests="2" name="pck1.Account" time="0.019" errors="0" timestamp="2025-09-18T20:38:02 IST" skipped="0">
  <testcase classname="pck1.Account" name="current" time="0.016"/>
  <testcase classname="pck1.Account" name="savings" time="0.003"/>
</testsuite> <!-- pck1.Account -->
