<?xml version="1.0" encoding="UTF-8"?>
<!-- Generated by org.testng.reporters.JUnitReportReporter -->
<testsuite hostname="MANIKANDAN-PC" failures="0" tests="1" name="testCase.TC2" time="4.969" errors="0" timestamp="2025-10-17T01:57:29 IST" skipped="0">
  <testcase classname="testCase.TC2" name="Iphonecheck" time="4.969"/>
</testsuite> <!-- testCase.TC2 -->
