<?xml version="1.0" encoding="UTF-8"?>
<!-- Generated by org.testng.reporters.JUnitReportReporter -->
<testsuite hostname="MANIKANDAN-PC" failures="0" tests="1" name="wrapper.Projectwraper" time="2.917" errors="0" timestamp="2025-10-17T00:20:07 IST" skipped="0">
  <testcase classname="wrapper.Projectwraper" name="invokeApp" time="2.917"/>
</testsuite> <!-- wrapper.Projectwraper -->
